<?xml version="1.0" encoding="UTF-8"?>
<!-- Generated by org.testng.reporters.JUnitXMLReporter -->
<testsuite ignored="0" hostname="DESKTOP-J0A5UGV" failures="0" tests="3" name="Test" time="3.254" errors="0" timestamp="2024-04-06T11:52:03 IST">
  <testcase classname="Parallel_CrossbrowserTest.parallelmethod" name="methidc" time="1.477"/>
  <testcase classname="Parallel_CrossbrowserTest.parallelmethod" name="methidb" time="2.448"/>
  <testcase classname="Parallel_CrossbrowserTest.parallelmethod" name="methida" time="3.206"/>
</testsuite> <!-- Test -->
