<?xml version="1.0" encoding="UTF-8"?>
<testng-results ignored="0" total="2" passed="2" failed="0" skipped="0">
  <reporter-output>
  </reporter-output>
  <suite started-at="2024-06-21T17:43:58 IST" name="Default suite" finished-at="2024-06-21T17:44:02 IST" duration-ms="4095">
    <groups>
    </groups>
    <test started-at="2024-06-21T17:43:58 IST" name="Default test" finished-at="2024-06-21T17:44:02 IST" duration-ms="4095">
      <class name="NewMethods.payloadInResouceFile">
        <test-method signature="BeforClass()[pri:0, instance:NewMethods.payloadInResouceFile@2e005c4b]" started-at="2024-06-21T17:43:58 IST" name="BeforClass" finished-at="2024-06-21T17:43:59 IST" duration-ms="913" status="PASS">
          <reporter-output>
          </reporter-output>
        </test-method> <!-- BeforClass -->
        <test-method signature="PostTest()[pri:0, instance:NewMethods.payloadInResouceFile@2e005c4b]" started-at="2024-06-21T17:43:59 IST" name="PostTest" finished-at="2024-06-21T17:44:02 IST" duration-ms="3105" status="PASS">
          <reporter-output>
          </reporter-output>
        </test-method> <!-- PostTest -->
      </class> <!-- NewMethods.payloadInResouceFile -->
    </test> <!-- Default test -->
  </suite> <!-- Default suite -->
</testng-results>
