<?xml version="1.0" encoding="UTF-8"?>
<!-- Generated by org.testng.reporters.JUnitXMLReporter -->
<testsuite ignored="0" hostname="DESKTOP-J0A5UGV" failures="0" tests="4" name="Default test" time="20.151" errors="0" timestamp="2024-01-25T11:42:34 IST">
  <testcase classname="scenario_2.TestCases.AdminPageTest" name="Selectoptn" time="1.759"/>
  <testcase classname="scenario_2.TestCases.AdminPageTest" name="SearchUsrNm" time="2.735"/>
  <testcase classname="scenario_2.TestCases.AdminPageTest" name="SearchUsrRole" time="3.634"/>
  <testcase classname="scenario_2.TestCases.AdminPageTest" name="SearchUsrStatus" time="3.209"/>
</testsuite> <!-- Default test -->
