<?xml version="1.0" encoding="UTF-8"?>
<testng-results ignored="0" total="4" passed="4" failed="0" skipped="0">
  <reporter-output>
  </reporter-output>
  <suite started-at="2024-01-25T11:42:14 IST" name="Default suite" finished-at="2024-01-25T11:42:34 IST" duration-ms="20151">
    <groups>
    </groups>
    <test started-at="2024-01-25T11:42:14 IST" name="Default test" finished-at="2024-01-25T11:42:34 IST" duration-ms="20151">
      <class name="scenario_2.TestCases.AdminPageTest">
        <test-method is-config="true" signature="BrowserSetup()[pri:0, instance:scenario_2.TestCases.AdminPageTest@5b8dfcc1]" started-at="2024-01-25T11:42:14 IST" name="BrowserSetup" finished-at="2024-01-25T11:42:21 IST" duration-ms="6541" status="PASS">
          <reporter-output>
          </reporter-output>
        </test-method> <!-- BrowserSetup -->
        <test-method is-config="true" signature="setUp()[pri:0, instance:scenario_2.TestCases.AdminPageTest@5b8dfcc1]" started-at="2024-01-25T11:42:21 IST" name="setUp" finished-at="2024-01-25T11:42:23 IST" duration-ms="1945" status="PASS">
          <reporter-output>
          </reporter-output>
        </test-method> <!-- setUp -->
        <test-method signature="Selectoptn()[pri:1, instance:scenario_2.TestCases.AdminPageTest@5b8dfcc1]" started-at="2024-01-25T11:42:23 IST" name="Selectoptn" finished-at="2024-01-25T11:42:25 IST" duration-ms="1759" status="PASS">
          <reporter-output>
          </reporter-output>
        </test-method> <!-- Selectoptn -->
        <test-method signature="SearchUsrNm()[pri:2, instance:scenario_2.TestCases.AdminPageTest@5b8dfcc1]" started-at="2024-01-25T11:42:25 IST" name="SearchUsrNm" finished-at="2024-01-25T11:42:27 IST" duration-ms="2735" status="PASS">
          <reporter-output>
          </reporter-output>
        </test-method> <!-- SearchUsrNm -->
        <test-method signature="SearchUsrRole()[pri:3, instance:scenario_2.TestCases.AdminPageTest@5b8dfcc1]" started-at="2024-01-25T11:42:27 IST" name="SearchUsrRole" finished-at="2024-01-25T11:42:31 IST" duration-ms="3634" status="PASS">
          <reporter-output>
          </reporter-output>
        </test-method> <!-- SearchUsrRole -->
        <test-method signature="SearchUsrStatus()[pri:4, instance:scenario_2.TestCases.AdminPageTest@5b8dfcc1]" started-at="2024-01-25T11:42:31 IST" name="SearchUsrStatus" finished-at="2024-01-25T11:42:34 IST" duration-ms="3209" status="PASS">
          <reporter-output>
          </reporter-output>
        </test-method> <!-- SearchUsrStatus -->
        <test-method is-config="true" signature="tearDown()[pri:0, instance:scenario_2.TestCases.AdminPageTest@5b8dfcc1]" started-at="2024-01-25T11:42:34 IST" name="tearDown" finished-at="2024-01-25T11:42:34 IST" duration-ms="281" status="PASS">
          <reporter-output>
          </reporter-output>
        </test-method> <!-- tearDown -->
      </class> <!-- scenario_2.TestCases.AdminPageTest -->
    </test> <!-- Default test -->
  </suite> <!-- Default suite -->
</testng-results>
