<?xml version="1.0" encoding="UTF-8"?>
<testng-results ignored="0" total="1" passed="0" failed="1" skipped="0">
  <reporter-output>
  </reporter-output>
  <suite started-at="2024-01-25T08:49:54 IST" name="Default suite" finished-at="2024-01-25T08:50:05 IST" duration-ms="11109">
    <groups>
    </groups>
    <test started-at="2024-01-25T08:49:54 IST" name="Default test" finished-at="2024-01-25T08:50:05 IST" duration-ms="11109">
      <class name="session.CreateFirstAppiumSession">
        <test-method signature="sessiontest()[pri:0, instance:session.CreateFirstAppiumSession@2a65fe7c]" started-at="2024-01-25T08:49:54 IST" name="sessiontest" finished-at="2024-01-25T08:50:05 IST" duration-ms="11030" status="FAIL">
          <exception class="org.openqa.selenium.SessionNotCreatedException">
            <message>
              <![CDATA[Could not start a new session. Response code 500. Message: An unknown server-side error occurred while processing the command. Original error: The application at 'C:\Users\shyju\OneDrive\Desktop\QA\javaWorkSpace\MobileApplicationTest\src\est\resources\ApiDemos-debug.apk' does not exist or is not accessible 
Host info: host: 'DESKTOP-J0A5UGV', ip: '192.168.0.110'
Build info: version: '4.17.0', revision: 'e52b1be057*'
System info: os.name: 'Windows 11', os.arch: 'amd64', os.version: '10.0', java.version: '17.0.9'
Driver info: io.appium.java_client.android.AndroidDriver
Command: [null, newSession {capabilities=[{appium:app=C:\Users\shyju\OneDrive\Desktop\QA\javaWorkSpace\MobileApplicationTest\src\est\resources\ApiDemos-debug.apk, appium:automationName=uiautomator2, appium:deviceName=pixel_3a, appium:udid=emulator-5554, platformName=ANDROID}], desiredCapabilities=Capabilities {appium:app: C:\Users\shyju\OneDrive\Des..., appium:automationName: uiautomator2, appium:deviceName: pixel_3a, appium:udid: emulator-5554, platformName: ANDROID}}]
Capabilities {appium:app: C:\Users\shyju\OneDrive\Des..., appium:automationName: uiautomator2, appium:deviceName: pixel_3a, appium:udid: emulator-5554, platformName: ANDROID}]]>
            </message>
            <full-stacktrace>
              <![CDATA[org.openqa.selenium.SessionNotCreatedException: Could not start a new session. Response code 500. Message: An unknown server-side error occurred while processing the command. Original error: The application at 'C:\Users\shyju\OneDrive\Desktop\QA\javaWorkSpace\MobileApplicationTest\src\est\resources\ApiDemos-debug.apk' does not exist or is not accessible 
Host info: host: 'DESKTOP-J0A5UGV', ip: '192.168.0.110'
Build info: version: '4.17.0', revision: 'e52b1be057*'
System info: os.name: 'Windows 11', os.arch: 'amd64', os.version: '10.0', java.version: '17.0.9'
Driver info: io.appium.java_client.android.AndroidDriver
Command: [null, newSession {capabilities=[{appium:app=C:\Users\shyju\OneDrive\Desktop\QA\javaWorkSpace\MobileApplicationTest\src\est\resources\ApiDemos-debug.apk, appium:automationName=uiautomator2, appium:deviceName=pixel_3a, appium:udid=emulator-5554, platformName=ANDROID}], desiredCapabilities=Capabilities {appium:app: C:\Users\shyju\OneDrive\Des..., appium:automationName: uiautomator2, appium:deviceName: pixel_3a, appium:udid: emulator-5554, platformName: ANDROID}}]
Capabilities {appium:app: C:\Users\shyju\OneDrive\Des..., appium:automationName: uiautomator2, appium:deviceName: pixel_3a, appium:udid: emulator-5554, platformName: ANDROID}
at org.openqa.selenium.remote.ProtocolHandshake.createSession(ProtocolHandshake.java:139)
at java.base/jdk.internal.reflect.NativeMethodAccessorImpl.invoke0(Native Method)
at java.base/jdk.internal.reflect.NativeMethodAccessorImpl.invoke(NativeMethodAccessorImpl.java:77)
at java.base/jdk.internal.reflect.DelegatingMethodAccessorImpl.invoke(DelegatingMethodAccessorImpl.java:43)
at java.base/java.lang.reflect.Method.invoke(Method.java:568)
at io.appium.java_client.remote.AppiumProtocolHandshake.createSession(AppiumProtocolHandshake.java:133)
at io.appium.java_client.remote.AppiumProtocolHandshake.createSession(AppiumProtocolHandshake.java:102)
at io.appium.java_client.remote.AppiumCommandExecutor.createSession(AppiumCommandExecutor.java:177)
at io.appium.java_client.remote.AppiumCommandExecutor.execute(AppiumCommandExecutor.java:238)
at org.openqa.selenium.remote.RemoteWebDriver.execute(RemoteWebDriver.java:519)
at io.appium.java_client.AppiumDriver.startSession(AppiumDriver.java:268)
at org.openqa.selenium.remote.RemoteWebDriver.<init>(RemoteWebDriver.java:162)
at io.appium.java_client.AppiumDriver.<init>(AppiumDriver.java:90)
at io.appium.java_client.AppiumDriver.<init>(AppiumDriver.java:102)
at io.appium.java_client.android.AndroidDriver.<init>(AndroidDriver.java:109)
at session.CreateFirstAppiumSession.sessiontest(CreateFirstAppiumSession.java:39)
at java.base/jdk.internal.reflect.NativeMethodAccessorImpl.invoke0(Native Method)
at java.base/jdk.internal.reflect.NativeMethodAccessorImpl.invoke(NativeMethodAccessorImpl.java:77)
at java.base/jdk.internal.reflect.DelegatingMethodAccessorImpl.invoke(DelegatingMethodAccessorImpl.java:43)
at java.base/java.lang.reflect.Method.invoke(Method.java:568)
at org.testng.internal.invokers.MethodInvocationHelper.invokeMethod(MethodInvocationHelper.java:139)
at org.testng.internal.invokers.TestInvoker.invokeMethod(TestInvoker.java:677)
at org.testng.internal.invokers.TestInvoker.invokeTestMethod(TestInvoker.java:221)
at org.testng.internal.invokers.MethodRunner.runInSequence(MethodRunner.java:50)
at org.testng.internal.invokers.TestInvoker$MethodInvocationAgent.invoke(TestInvoker.java:969)
at org.testng.internal.invokers.TestInvoker.invokeTestMethods(TestInvoker.java:194)
at org.testng.internal.invokers.TestMethodWorker.invokeTestMethods(TestMethodWorker.java:148)
at org.testng.internal.invokers.TestMethodWorker.run(TestMethodWorker.java:128)
at java.base/java.util.ArrayList.forEach(ArrayList.java:1511)
at org.testng.TestRunner.privateRun(TestRunner.java:829)
at org.testng.TestRunner.run(TestRunner.java:602)
at org.testng.SuiteRunner.runTest(SuiteRunner.java:437)
at org.testng.SuiteRunner.runSequentially(SuiteRunner.java:431)
at org.testng.SuiteRunner.privateRun(SuiteRunner.java:391)
at org.testng.SuiteRunner.run(SuiteRunner.java:330)
at org.testng.SuiteRunnerWorker.runSuite(SuiteRunnerWorker.java:52)
at org.testng.SuiteRunnerWorker.run(SuiteRunnerWorker.java:95)
at org.testng.TestNG.runSuitesSequentially(TestNG.java:1256)
at org.testng.TestNG.runSuitesLocally(TestNG.java:1176)
at org.testng.TestNG.runSuites(TestNG.java:1099)
at org.testng.TestNG.run(TestNG.java:1067)
at org.testng.remote.AbstractRemoteTestNG.run(AbstractRemoteTestNG.java:115)
at org.testng.remote.RemoteTestNG.initAndRun(RemoteTestNG.java:251)
at org.testng.remote.RemoteTestNG.main(RemoteTestNG.java:77)
]]>
            </full-stacktrace>
          </exception> <!-- org.openqa.selenium.SessionNotCreatedException -->
          <reporter-output>
          </reporter-output>
        </test-method> <!-- sessiontest -->
      </class> <!-- session.CreateFirstAppiumSession -->
    </test> <!-- Default test -->
  </suite> <!-- Default suite -->
</testng-results>
