<?xml version="1.0" encoding="UTF-8"?>
<!-- Generated by org.testng.reporters.JUnitXMLReporter -->
<testsuite ignored="2" hostname="DESKTOP-J0A5UGV" failures="0" tests="1" name="Default test(failed)(failed)" time="0.115" errors="0" timestamp="2024-02-06T14:32:20 IST">
  <testcase classname="testNgDemo.revision" name="compltTraing" time="0.024"/>
  <testcase classname="testNgDemo.revision" name="studied" time="0.0">
    <ignored/>
  </testcase> <!-- studied -->
  <testcase classname="testNgDemo.revision" name="placed" time="0.0">
    <ignored/>
  </testcase> <!-- placed -->
</testsuite> <!-- Default test(failed)(failed) -->
