<?xml version="1.0" encoding="UTF-8"?>
<!-- Generated by org.testng.reporters.JUnitXMLReporter -->
<testsuite ignored="2" hostname="DESKTOP-J0A5UGV" failures="1" tests="1" name="Default test(failed)" time="0.068" errors="0" timestamp="2024-02-06T14:29:56 IST">
  <testcase classname="testNgDemo.revision" name="compltTraing" time="0.019">
    <failure type="java.lang.AssertionError" message="fail : not match expected [HAllo alssl] but found [HAllo all]">
      <![CDATA[java.lang.AssertionError: fail : not match expected [HAllo alssl] but found [HAllo all]
at testNgDemo.revision.compltTraing(revision.java:14)
at java.base/java.util.ArrayList.forEach(ArrayList.java:1511)
... Removed 32 stack frames]]>
    </failure>
  </testcase> <!-- compltTraing -->
  <testcase classname="testNgDemo.revision" name="studied" time="0.0">
    <ignored/>
  </testcase> <!-- studied -->
  <testcase classname="testNgDemo.revision" name="placed" time="0.0">
    <ignored/>
  </testcase> <!-- placed -->
</testsuite> <!-- Default test(failed) -->
