<?xml version="1.0" encoding="UTF-8"?>
<testng-results ignored="0" total="1" passed="1" failed="0" skipped="0">
  <reporter-output>
  </reporter-output>
  <suite started-at="2024-03-09T07:56:56 IST" name="Default suite" finished-at="2024-03-09T07:56:58 IST" duration-ms="1689">
    <groups>
    </groups>
    <test started-at="2024-03-09T07:56:56 IST" name="Default test" finished-at="2024-03-09T07:56:58 IST" duration-ms="1689">
      <class name="htmlMethods.queryAndPathParameter">
        <test-method signature="testparameter2()[pri:0, instance:htmlMethods.queryAndPathParameter@694abbdc]" started-at="2024-03-09T07:56:56 IST" name="testparameter2" finished-at="2024-03-09T07:56:58 IST" duration-ms="1643" status="PASS">
          <reporter-output>
          </reporter-output>
        </test-method> <!-- testparameter2 -->
      </class> <!-- htmlMethods.queryAndPathParameter -->
    </test> <!-- Default test -->
  </suite> <!-- Default suite -->
</testng-results>
