<?xml version="1.0" encoding="UTF-8"?>
<testng-results ignored="0" total="1" passed="1" failed="0" skipped="0">
  <reporter-output>
  </reporter-output>
  <suite started-at="2024-05-28T05:55:11 IST" name="Default suite" finished-at="2024-05-28T05:55:21 IST" duration-ms="9584">
    <groups>
    </groups>
    <test started-at="2024-05-28T05:55:11 IST" name="Default test" finished-at="2024-05-28T05:55:21 IST" duration-ms="9584">
      <class name="DataDrivenTest.NewTest">
        <test-method signature="verify()[pri:0, instance:DataDrivenTest.NewTest@515aebb0]" started-at="2024-05-28T05:55:11 IST" name="verify" finished-at="2024-05-28T05:55:21 IST" duration-ms="9527" status="PASS">
          <reporter-output>
          </reporter-output>
        </test-method> <!-- verify -->
      </class> <!-- DataDrivenTest.NewTest -->
    </test> <!-- Default test -->
  </suite> <!-- Default suite -->
</testng-results>
